<?xml version="1.0" encoding="UTF-8"?>
<!-- Generated by org.testng.reporters.JUnitXMLReporter -->
<testsuite hostname="DD5B-L-82323GP" ignored="0" name="otherfields" tests="1" failures="1" timestamp="22 Apr 2019 05:54:46 GMT" time="1203.844" errors="0">
  <testcase name="email" time="1190.243" classname="regTest.ValidationStep2">
    <failure type="java.lang.NullPointerException">
      <![CDATA[java.lang.NullPointerException
at regJava.ReadData.Readinputdata(ReadData.java:31)
at regJava.ReadFieldName.detectedfield(ReadFieldName.java:55)
at regTest.ValidationStep2.email(ValidationStep2.java:20)
... Removed 25 stack frames]]>
    </failure>
  </testcase> <!-- email -->
</testsuite> <!-- otherfields -->
