<?xml version="1.0" encoding="UTF-8"?>
<testng-results skipped="0" failed="1" ignored="0" total="2" passed="1">
  <reporter-output>
    <line>
      <![CDATA[Username is:Emailtest13:Test Passed]]>
    </line>
    <line>
      <![CDATA[Username is:Emailtest14:Test Passed]]>
    </line>
    <line>
      <![CDATA[Username is:Emailtest15:Test Passed]]>
    </line>
    <line>
      <![CDATA[Username is:Emailtest16:Test Failed]]>
    </line>
    <line>
      <![CDATA[Username is:Emailtest17:Test Passed]]>
    </line>
    <line>
      <![CDATA[Username is:Emailtest18:Test Passed]]>
    </line>
    <line>
      <![CDATA[Username is:Emailtest19:Test Passed]]>
    </line>
    <line>
      <![CDATA[Username is:Emailtest20:Test Passed]]>
    </line>
    <line>
      <![CDATA[Username is:Emailtest21:Test Passed]]>
    </line>
    <line>
      <![CDATA[Username is:Emailtest22:Test Passed]]>
    </line>
    <line>
      <![CDATA[Username is:Emailtest23:Test Passed]]>
    </line>
    <line>
      <![CDATA[Username is:Emailtest24:Test Failed]]>
    </line>
    <line>
      <![CDATA[Username is:Emailtest25:Test Passed]]>
    </line>
    <line>
      <![CDATA[First Nameis:Firstnameoftheuserisequaltothepermissiblelimitwhichisequivalenttohundredcharactersinourscenariotestsq:Test Passed]]>
    </line>
    <line>
      <![CDATA[First Nameis:First:Test Passed]]>
    </line>
    <line>
      <![CDATA[First Nameis:Firstnameoftheuserisequaltothepermissiblelimitwhichisequivalenttohundredcharactersinourscenariotests:Test Passed]]>
    </line>
    <line>
      <![CDATA[First Nameis:Firstnameofth euse@risequaltot/hepermissiblelimitwhichise:Test Passed]]>
    </line>
    <line>
      <![CDATA[First Nameis:F:Test Passed]]>
    </line>
    <line>
      <![CDATA[First Nameis::Test Passed]]>
    </line>
    <line>
      <![CDATA[First Nameis:    :Test Passed]]>
    </line>
    <line>
      <![CDATA[First Nameis:    asjdjsdjasdajad:Test Passed]]>
    </line>
    <line>
      <![CDATA[First Nameis:asjdjsdjasdajad          :Test Passed]]>
    </line>
    <line>
      <![CDATA[Last Nameis:Name:Test Passed]]>
    </line>
    <line>
      <![CDATA[Last Nameis:Lastnameoftheuserismorethanthepermissiblelimitwhichisequivalenttohundredcharactersinourscenarioandsla:Test Passed]]>
    </line>
    <line>
      <![CDATA[Last Nameis:Lastsnameoftheuserisequaltothepermissiblelimitwhichisequivalenttohundredcharactersinourscenariotests:Test Passed]]>
    </line>
    <line>
      <![CDATA[Last Nameis:Lastsnameoftheuseris equaltothepermissiblelimitwhichiseq@#:Test Passed]]>
    </line>
    <line>
      <![CDATA[Last Nameis:L:Test Passed]]>
    </line>
    <line>
      <![CDATA[Last Nameis::Test Passed]]>
    </line>
    <line>
      <![CDATA[Last Nameis:    :Test Passed]]>
    </line>
    <line>
      <![CDATA[Last Nameis:    Name2:Test Passed]]>
    </line>
    <line>
      <![CDATA[Last Nameis:Name2    :Test Passed]]>
    </line>
    <line>
      <![CDATA[Middle Nameis:middle:Test Passed]]>
    </line>
    <line>
      <![CDATA[Middle Nameis:middlenameoftheuserismorethanthepermissiblelimitwhichisequivalenttohundredcharactersinourscenarioands:Test Passed]]>
    </line>
    <line>
      <![CDATA[Middle Nameis:Middlenameoftheuserisequaltothepermissiblelimitwhichisequivalenttohundredcharactersinourscenariotest:Test Passed]]>
    </line>
    <line>
      <![CDATA[Middle Nameis:Lastsnameoftheuseris equaltothepermissiblelimitwhichiseq@#:Test Passed]]>
    </line>
    <line>
      <![CDATA[Middle Nameis:L:Test Passed]]>
    </line>
    <line>
      <![CDATA[Middle Nameis::Test Passed]]>
    </line>
    <line>
      <![CDATA[Middle Nameis:    :Test Passed]]>
    </line>
    <line>
      <![CDATA[Middle Nameis:    asjdjsdjasdajad:Test Passed]]>
    </line>
    <line>
      <![CDATA[Middle Nameis:asjdjsdjasdajad          :Test Passed]]>
    </line>
    <line>
      <![CDATA[Company Nameis:Accenture 12#:Test Passed]]>
    </line>
    <line>
      <![CDATA[Company Nameis:Middlenameoftheuserisequaltothepermissiblelimitwhichisequivalenttohundredcharactersinourscenariote12%:Test Passed]]>
    </line>
    <line>
      <![CDATA[Company Nameis:Middlenameoftheuserisequaltothepermissiblelimitwhichisequivalenttohundredcharactersinourscenarote12%:Test Passed]]>
    </line>
    <line>
      <![CDATA[Company Nameis:    Middlenameoftheuserisequaltothepermissibalenttohundredcharactersinourscenarote12%:Test Passed]]>
    </line>
    <line>
      <![CDATA[Company Nameis:Middlenameoftheuserisequaltothepermissiblelimitwhichisequivalenttohundred      :Test Passed]]>
    </line>
    <line>
      <![CDATA[Company Nameis::Test Passed]]>
    </line>
    <line>
      <![CDATA[Street Address 1is:1259,Street Gulian:Test Passed]]>
    </line>
    <line>
      <![CDATA[Street Address 1is:streetaddressoftheusermorethanthepermissiblelimitwhichisequivalenttoonhundredfiftycharactersinourscenariotest12%,&streetgulianolddelhineardaribakalnad:Test Passed]]>
    </line>
    <line>
      <![CDATA[Street Address 1is:streetaddressoftheusermorethanthepermissiblelimitwhichisequivalenttoonhundredfiftycharactersinourscenariotest12%,&streetgulianolddelhineardaribakalnade:Test Passed]]>
    </line>
    <line>
      <![CDATA[Street Address 1is:     streetaddressoftheusermorethanthepermissiblelimitwhichisequivalenttoonhundredfiftycharactersinourscenariotest12%,&:Test Passed]]>
    </line>
    <line>
      <![CDATA[Street Address 1is:streetaddressoftheusermorethanthepermissiblelimitwhichisequivalenttoonhundredfiftycharactersinourscenariotest12%,&streetguli      :Test Passed]]>
    </line>
    <line>
      <![CDATA[Street Address 2is:1259,Street Gulian:Test Passed]]>
    </line>
    <line>
      <![CDATA[Street Address 2is:streetaddressoftheusermorethanthepermissiblelimitwhichisequivalenttoonhundredfiftycharactersinourscenariotest12%,&streetgulianolddelhineardaribakalnad:Test Passed]]>
    </line>
    <line>
      <![CDATA[Street Address 2is:streetaddressoftheusermorethanthepermissiblelimitwhichisequivalenttoonhundredfiftycharactersinourscenariotest12%,&streetgulianolddelhineardaribakalnade:Test Passed]]>
    </line>
    <line>
      <![CDATA[Street Address 2is:     streetaddressoftheusermorethanthepermissiblelimitwhichisequivalenttoonhundredfiftycharactersinourscenariotest12%,&:Test Passed]]>
    </line>
    <line>
      <![CDATA[Street Address 2is:streetaddressoftheusermorethanthepermissiblelimitwhichisequivalenttoonhundredfiftycharactersinourscenariotest12%,&streetgu     :Test Passed]]>
    </line>
    <line>
      <![CDATA[Cityis:Hyderabad12#:Test Passed]]>
    </line>
    <line>
      <![CDATA[Cityis:Hyderabad12#kdfjkdfjdklfjklamasdmskdmaklfkadfkljfkl:Test Passed]]>
    </line>
    <line>
      <![CDATA[Cityis:IND12#itshouldbelessthanfiftycharactersorelseitise:Test Passed]]>
    </line>
    <line>
      <![CDATA[Cityis:    IND12#itshouldbelessthanfiftychar:Test Passed]]>
    </line>
    <line>
      <![CDATA[Cityis:IND12#itshouldbelessthanfiftycha    :Test Passed]]>
    </line>
    <line>
      <![CDATA[Stateis:Hyderabad12#:Test Passed]]>
    </line>
    <line>
      <![CDATA[Stateis:Hyderabad12#kdfjkdfjdklfjklamasdmskdmaklfkadfkljfkl:Test Passed]]>
    </line>
    <line>
      <![CDATA[Stateis:IND12#itshouldbelessthanfiftycharactersorelseitise:Test Passed]]>
    </line>
    <line>
      <![CDATA[Stateis:    IND12#itshouldbelessthanfiftycharac:Test Passed]]>
    </line>
    <line>
      <![CDATA[Stateis:IND12#itshouldbelessthanfifty    :Test Passed]]>
    </line>
    <line>
      <![CDATA[Zip Codeis:  12  :Test Passed]]>
    </line>
    <line>
      <![CDATA[Zip Codeis:ab:Test Passed]]>
    </line>
    <line>
      <![CDATA[Zip Codeis:1 2:Test Passed]]>
    </line>
    <line>
      <![CDATA[Zip Codeis:1-3:Test Passed]]>
    </line>
    <line>
      <![CDATA[Zip Codeis:a-b:Test Passed]]>
    </line>
    <line>
      <![CDATA[Zip Codeis:123:Test Passed]]>
    </line>
    <line>
      <![CDATA[Zip Codeis:1 2-3:Test Passed]]>
    </line>
    <line>
      <![CDATA[Zip Codeis: 123:Test Passed]]>
    </line>
    <line>
      <![CDATA[Zip Codeis: 12:Test Passed]]>
    </line>
    <line>
      <![CDATA[Zip Codeis:123456-7 8 b a1-:Test Passed]]>
    </line>
    <line>
      <![CDATA[Zip Codeis:123():Test Passed]]>
    </line>
    <line>
      <![CDATA[Zip Codeis:+12c:Test Passed]]>
    </line>
    <line>
      <![CDATA[Zip Codeis:123456-7 8 b a 1-:Test Passed]]>
    </line>
    <line>
      <![CDATA[Zip Codeis:1 2-a:Test Passed]]>
    </line>
    <line>
      <![CDATA[Zip Codeis:abc:Test Passed]]>
    </line>
    <line>
      <![CDATA[Zip Codeis:12 :Test Passed]]>
    </line>
    <line>
      <![CDATA[Zip Codeis: 12 :Test Passed]]>
    </line>
    <line>
      <![CDATA[Zip Codeis: b12 :Test Passed]]>
    </line>
  </reporter-output>
  <suite name="Validation_Suite_Fields" duration-ms="1463740" started-at="2019-04-22T05:30:23Z" finished-at="2019-04-22T05:54:46Z">
    <groups>
    </groups>
    <test name="Email" duration-ms="259875" started-at="2019-04-22T05:30:23Z" finished-at="2019-04-22T05:34:43Z">
      <class name="regTest.Emailvalidationtest">
        <test-method status="PASS" signature="beforeMethod()[pri:0, instance:regTest.Emailvalidationtest@1794d431]" name="beforeMethod" is-config="true" duration-ms="13030" started-at="2019-04-22T05:30:23Z" finished-at="2019-04-22T05:30:36Z">
          <reporter-output>
          </reporter-output>
        </test-method> <!-- beforeMethod -->
        <test-method status="PASS" signature="email()[pri:0, instance:regTest.Emailvalidationtest@1794d431]" name="email" duration-ms="245737" started-at="2019-04-22T05:30:36Z" finished-at="2019-04-22T05:34:41Z">
          <reporter-output>
            <line>
              <![CDATA[Username is:Emailtest13:Test Passed]]>
            </line>
            <line>
              <![CDATA[Username is:Emailtest14:Test Passed]]>
            </line>
            <line>
              <![CDATA[Username is:Emailtest15:Test Passed]]>
            </line>
            <line>
              <![CDATA[Username is:Emailtest16:Test Failed]]>
            </line>
            <line>
              <![CDATA[Username is:Emailtest17:Test Passed]]>
            </line>
            <line>
              <![CDATA[Username is:Emailtest18:Test Passed]]>
            </line>
            <line>
              <![CDATA[Username is:Emailtest19:Test Passed]]>
            </line>
            <line>
              <![CDATA[Username is:Emailtest20:Test Passed]]>
            </line>
            <line>
              <![CDATA[Username is:Emailtest21:Test Passed]]>
            </line>
            <line>
              <![CDATA[Username is:Emailtest22:Test Passed]]>
            </line>
            <line>
              <![CDATA[Username is:Emailtest23:Test Passed]]>
            </line>
            <line>
              <![CDATA[Username is:Emailtest24:Test Failed]]>
            </line>
            <line>
              <![CDATA[Username is:Emailtest25:Test Passed]]>
            </line>
          </reporter-output>
        </test-method> <!-- email -->
        <test-method status="PASS" signature="afterClass()[pri:0, instance:regTest.Emailvalidationtest@1794d431]" name="afterClass" is-config="true" duration-ms="1072" started-at="2019-04-22T05:34:41Z" finished-at="2019-04-22T05:34:43Z">
          <reporter-output>
          </reporter-output>
        </test-method> <!-- afterClass -->
      </class> <!-- regTest.Emailvalidationtest -->
    </test> <!-- Email -->
    <test name="otherfields" duration-ms="1203844" started-at="2019-04-22T05:34:43Z" finished-at="2019-04-22T05:54:46Z">
      <class name="regTest.ValidationStep2">
        <test-method status="PASS" signature="beforeMethod()[pri:0, instance:regTest.ValidationStep2@5bcab519]" name="beforeMethod" is-config="true" duration-ms="12733" started-at="2019-04-22T05:34:43Z" finished-at="2019-04-22T05:34:55Z">
          <reporter-output>
          </reporter-output>
        </test-method> <!-- beforeMethod -->
        <test-method status="FAIL" signature="email()[pri:0, instance:regTest.ValidationStep2@5bcab519]" name="email" duration-ms="1190243" started-at="2019-04-22T05:34:55Z" finished-at="2019-04-22T05:54:46Z">
          <exception class="java.lang.NullPointerException">
            <full-stacktrace>
              <![CDATA[java.lang.NullPointerException
at regJava.ReadData.Readinputdata(ReadData.java:31)
at regJava.ReadFieldName.detectedfield(ReadFieldName.java:55)
at regTest.ValidationStep2.email(ValidationStep2.java:20)
at sun.reflect.NativeMethodAccessorImpl.invoke0(Native Method)
at sun.reflect.NativeMethodAccessorImpl.invoke(Unknown Source)
at sun.reflect.DelegatingMethodAccessorImpl.invoke(Unknown Source)
at java.lang.reflect.Method.invoke(Unknown Source)
at org.testng.internal.MethodInvocationHelper.invokeMethod(MethodInvocationHelper.java:124)
at org.testng.internal.Invoker.invokeMethod(Invoker.java:583)
at org.testng.internal.Invoker.invokeTestMethod(Invoker.java:719)
at org.testng.internal.Invoker.invokeTestMethods(Invoker.java:989)
at org.testng.internal.TestMethodWorker.invokeTestMethods(TestMethodWorker.java:125)
at org.testng.internal.TestMethodWorker.run(TestMethodWorker.java:109)
at org.testng.TestRunner.privateRun(TestRunner.java:648)
at org.testng.TestRunner.run(TestRunner.java:505)
at org.testng.SuiteRunner.runTest(SuiteRunner.java:455)
at org.testng.SuiteRunner.runSequentially(SuiteRunner.java:450)
at org.testng.SuiteRunner.privateRun(SuiteRunner.java:415)
at org.testng.SuiteRunner.run(SuiteRunner.java:364)
at org.testng.SuiteRunnerWorker.runSuite(SuiteRunnerWorker.java:52)
at org.testng.SuiteRunnerWorker.run(SuiteRunnerWorker.java:84)
at org.testng.TestNG.runSuitesSequentially(TestNG.java:1208)
at org.testng.TestNG.runSuitesLocally(TestNG.java:1137)
at org.testng.TestNG.runSuites(TestNG.java:1049)
at org.testng.TestNG.run(TestNG.java:1017)
at org.testng.remote.AbstractRemoteTestNG.run(AbstractRemoteTestNG.java:114)
at org.testng.remote.RemoteTestNG.initAndRun(RemoteTestNG.java:251)
at org.testng.remote.RemoteTestNG.main(RemoteTestNG.java:77)
]]>
            </full-stacktrace>
          </exception> <!-- java.lang.NullPointerException -->
          <reporter-output>
            <line>
              <![CDATA[First Nameis:Firstnameoftheuserisequaltothepermissiblelimitwhichisequivalenttohundredcharactersinourscenariotestsq:Test Passed]]>
            </line>
            <line>
              <![CDATA[First Nameis:First:Test Passed]]>
            </line>
            <line>
              <![CDATA[First Nameis:Firstnameoftheuserisequaltothepermissiblelimitwhichisequivalenttohundredcharactersinourscenariotests:Test Passed]]>
            </line>
            <line>
              <![CDATA[First Nameis:Firstnameofth euse@risequaltot/hepermissiblelimitwhichise:Test Passed]]>
            </line>
            <line>
              <![CDATA[First Nameis:F:Test Passed]]>
            </line>
            <line>
              <![CDATA[First Nameis::Test Passed]]>
            </line>
            <line>
              <![CDATA[First Nameis:    :Test Passed]]>
            </line>
            <line>
              <![CDATA[First Nameis:    asjdjsdjasdajad:Test Passed]]>
            </line>
            <line>
              <![CDATA[First Nameis:asjdjsdjasdajad          :Test Passed]]>
            </line>
            <line>
              <![CDATA[Last Nameis:Name:Test Passed]]>
            </line>
            <line>
              <![CDATA[Last Nameis:Lastnameoftheuserismorethanthepermissiblelimitwhichisequivalenttohundredcharactersinourscenarioandsla:Test Passed]]>
            </line>
            <line>
              <![CDATA[Last Nameis:Lastsnameoftheuserisequaltothepermissiblelimitwhichisequivalenttohundredcharactersinourscenariotests:Test Passed]]>
            </line>
            <line>
              <![CDATA[Last Nameis:Lastsnameoftheuseris equaltothepermissiblelimitwhichiseq@#:Test Passed]]>
            </line>
            <line>
              <![CDATA[Last Nameis:L:Test Passed]]>
            </line>
            <line>
              <![CDATA[Last Nameis::Test Passed]]>
            </line>
            <line>
              <![CDATA[Last Nameis:    :Test Passed]]>
            </line>
            <line>
              <![CDATA[Last Nameis:    Name2:Test Passed]]>
            </line>
            <line>
              <![CDATA[Last Nameis:Name2    :Test Passed]]>
            </line>
            <line>
              <![CDATA[Middle Nameis:middle:Test Passed]]>
            </line>
            <line>
              <![CDATA[Middle Nameis:middlenameoftheuserismorethanthepermissiblelimitwhichisequivalenttohundredcharactersinourscenarioands:Test Passed]]>
            </line>
            <line>
              <![CDATA[Middle Nameis:Middlenameoftheuserisequaltothepermissiblelimitwhichisequivalenttohundredcharactersinourscenariotest:Test Passed]]>
            </line>
            <line>
              <![CDATA[Middle Nameis:Lastsnameoftheuseris equaltothepermissiblelimitwhichiseq@#:Test Passed]]>
            </line>
            <line>
              <![CDATA[Middle Nameis:L:Test Passed]]>
            </line>
            <line>
              <![CDATA[Middle Nameis::Test Passed]]>
            </line>
            <line>
              <![CDATA[Middle Nameis:    :Test Passed]]>
            </line>
            <line>
              <![CDATA[Middle Nameis:    asjdjsdjasdajad:Test Passed]]>
            </line>
            <line>
              <![CDATA[Middle Nameis:asjdjsdjasdajad          :Test Passed]]>
            </line>
            <line>
              <![CDATA[Company Nameis:Accenture 12#:Test Passed]]>
            </line>
            <line>
              <![CDATA[Company Nameis:Middlenameoftheuserisequaltothepermissiblelimitwhichisequivalenttohundredcharactersinourscenariote12%:Test Passed]]>
            </line>
            <line>
              <![CDATA[Company Nameis:Middlenameoftheuserisequaltothepermissiblelimitwhichisequivalenttohundredcharactersinourscenarote12%:Test Passed]]>
            </line>
            <line>
              <![CDATA[Company Nameis:    Middlenameoftheuserisequaltothepermissibalenttohundredcharactersinourscenarote12%:Test Passed]]>
            </line>
            <line>
              <![CDATA[Company Nameis:Middlenameoftheuserisequaltothepermissiblelimitwhichisequivalenttohundred      :Test Passed]]>
            </line>
            <line>
              <![CDATA[Company Nameis::Test Passed]]>
            </line>
            <line>
              <![CDATA[Street Address 1is:1259,Street Gulian:Test Passed]]>
            </line>
            <line>
              <![CDATA[Street Address 1is:streetaddressoftheusermorethanthepermissiblelimitwhichisequivalenttoonhundredfiftycharactersinourscenariotest12%,&streetgulianolddelhineardaribakalnad:Test Passed]]>
            </line>
            <line>
              <![CDATA[Street Address 1is:streetaddressoftheusermorethanthepermissiblelimitwhichisequivalenttoonhundredfiftycharactersinourscenariotest12%,&streetgulianolddelhineardaribakalnade:Test Passed]]>
            </line>
            <line>
              <![CDATA[Street Address 1is:     streetaddressoftheusermorethanthepermissiblelimitwhichisequivalenttoonhundredfiftycharactersinourscenariotest12%,&:Test Passed]]>
            </line>
            <line>
              <![CDATA[Street Address 1is:streetaddressoftheusermorethanthepermissiblelimitwhichisequivalenttoonhundredfiftycharactersinourscenariotest12%,&streetguli      :Test Passed]]>
            </line>
            <line>
              <![CDATA[Street Address 2is:1259,Street Gulian:Test Passed]]>
            </line>
            <line>
              <![CDATA[Street Address 2is:streetaddressoftheusermorethanthepermissiblelimitwhichisequivalenttoonhundredfiftycharactersinourscenariotest12%,&streetgulianolddelhineardaribakalnad:Test Passed]]>
            </line>
            <line>
              <![CDATA[Street Address 2is:streetaddressoftheusermorethanthepermissiblelimitwhichisequivalenttoonhundredfiftycharactersinourscenariotest12%,&streetgulianolddelhineardaribakalnade:Test Passed]]>
            </line>
            <line>
              <![CDATA[Street Address 2is:     streetaddressoftheusermorethanthepermissiblelimitwhichisequivalenttoonhundredfiftycharactersinourscenariotest12%,&:Test Passed]]>
            </line>
            <line>
              <![CDATA[Street Address 2is:streetaddressoftheusermorethanthepermissiblelimitwhichisequivalenttoonhundredfiftycharactersinourscenariotest12%,&streetgu     :Test Passed]]>
            </line>
            <line>
              <![CDATA[Cityis:Hyderabad12#:Test Passed]]>
            </line>
            <line>
              <![CDATA[Cityis:Hyderabad12#kdfjkdfjdklfjklamasdmskdmaklfkadfkljfkl:Test Passed]]>
            </line>
            <line>
              <![CDATA[Cityis:IND12#itshouldbelessthanfiftycharactersorelseitise:Test Passed]]>
            </line>
            <line>
              <![CDATA[Cityis:    IND12#itshouldbelessthanfiftychar:Test Passed]]>
            </line>
            <line>
              <![CDATA[Cityis:IND12#itshouldbelessthanfiftycha    :Test Passed]]>
            </line>
            <line>
              <![CDATA[Stateis:Hyderabad12#:Test Passed]]>
            </line>
            <line>
              <![CDATA[Stateis:Hyderabad12#kdfjkdfjdklfjklamasdmskdmaklfkadfkljfkl:Test Passed]]>
            </line>
            <line>
              <![CDATA[Stateis:IND12#itshouldbelessthanfiftycharactersorelseitise:Test Passed]]>
            </line>
            <line>
              <![CDATA[Stateis:    IND12#itshouldbelessthanfiftycharac:Test Passed]]>
            </line>
            <line>
              <![CDATA[Stateis:IND12#itshouldbelessthanfifty    :Test Passed]]>
            </line>
            <line>
              <![CDATA[Zip Codeis:  12  :Test Passed]]>
            </line>
            <line>
              <![CDATA[Zip Codeis:ab:Test Passed]]>
            </line>
            <line>
              <![CDATA[Zip Codeis:1 2:Test Passed]]>
            </line>
            <line>
              <![CDATA[Zip Codeis:1-3:Test Passed]]>
            </line>
            <line>
              <![CDATA[Zip Codeis:a-b:Test Passed]]>
            </line>
            <line>
              <![CDATA[Zip Codeis:123:Test Passed]]>
            </line>
            <line>
              <![CDATA[Zip Codeis:1 2-3:Test Passed]]>
            </line>
            <line>
              <![CDATA[Zip Codeis: 123:Test Passed]]>
            </line>
            <line>
              <![CDATA[Zip Codeis: 12:Test Passed]]>
            </line>
            <line>
              <![CDATA[Zip Codeis:123456-7 8 b a1-:Test Passed]]>
            </line>
            <line>
              <![CDATA[Zip Codeis:123():Test Passed]]>
            </line>
            <line>
              <![CDATA[Zip Codeis:+12c:Test Passed]]>
            </line>
            <line>
              <![CDATA[Zip Codeis:123456-7 8 b a 1-:Test Passed]]>
            </line>
            <line>
              <![CDATA[Zip Codeis:1 2-a:Test Passed]]>
            </line>
            <line>
              <![CDATA[Zip Codeis:abc:Test Passed]]>
            </line>
            <line>
              <![CDATA[Zip Codeis:12 :Test Passed]]>
            </line>
            <line>
              <![CDATA[Zip Codeis: 12 :Test Passed]]>
            </line>
            <line>
              <![CDATA[Zip Codeis: b12 :Test Passed]]>
            </line>
          </reporter-output>
        </test-method> <!-- email -->
        <test-method status="PASS" signature="afterClass()[pri:0, instance:regTest.ValidationStep2@5bcab519]" name="afterClass" is-config="true" duration-ms="864" started-at="2019-04-22T05:54:46Z" finished-at="2019-04-22T05:54:46Z">
          <reporter-output>
          </reporter-output>
        </test-method> <!-- afterClass -->
      </class> <!-- regTest.ValidationStep2 -->
    </test> <!-- otherfields -->
  </suite> <!-- Validation_Suite_Fields -->
</testng-results>
